<?xml version="1.0" encoding="UTF-8"?>
<testng-results ignored="0" total="3" passed="3" failed="0" skipped="0">
  <reporter-output>
  </reporter-output>
  <suite started-at="2022-12-23T15:17:13Z" name="Default suite" finished-at="2022-12-23T15:17:59Z" duration-ms="46066">
    <groups>
    </groups>
    <test started-at="2022-12-23T15:17:13Z" name="Default test" finished-at="2022-12-23T15:17:59Z" duration-ms="46066">
      <class name="tests.Tests">
        <test-method is-config="true" signature="setUp(java.lang.String)[pri:0, instance:tests.Tests@21ba0741]" started-at="2022-12-23T15:17:13Z" name="setUp" finished-at="2022-12-23T15:17:15Z" duration-ms="1761" status="PASS">
          <params>
            <param index="0">
              <value is-null="true"/>
            </param>
          </params>
          <reporter-output>
          </reporter-output>
        </test-method> <!-- setUp -->
        <test-method signature="validateSubscriptionPlanBahrain()[pri:0, instance:tests.Tests@21ba0741]" started-at="2022-12-23T15:17:15Z" name="validateSubscriptionPlanBahrain" finished-at="2022-12-23T15:17:32Z" duration-ms="17396" status="PASS">
          <reporter-output>
          </reporter-output>
        </test-method> <!-- validateSubscriptionPlanBahrain -->
        <test-method signature="validateSubscriptionPlanKSA()[pri:0, instance:tests.Tests@21ba0741]" started-at="2022-12-23T15:17:32Z" name="validateSubscriptionPlanKSA" finished-at="2022-12-23T15:17:45Z" duration-ms="12379" status="PASS">
          <reporter-output>
          </reporter-output>
        </test-method> <!-- validateSubscriptionPlanKSA -->
        <test-method signature="validateSubscriptionPlanKuwait()[pri:0, instance:tests.Tests@21ba0741]" started-at="2022-12-23T15:17:45Z" name="validateSubscriptionPlanKuwait" finished-at="2022-12-23T15:17:59Z" duration-ms="14192" status="PASS">
          <reporter-output>
          </reporter-output>
        </test-method> <!-- validateSubscriptionPlanKuwait -->
        <test-method is-config="true" signature="tearDown()[pri:0, instance:tests.Tests@21ba0741]" started-at="2022-12-23T15:17:59Z" name="tearDown" finished-at="2022-12-23T15:17:59Z" duration-ms="322" status="PASS">
          <reporter-output>
          </reporter-output>
        </test-method> <!-- tearDown -->
      </class> <!-- tests.Tests -->
    </test> <!-- Default test -->
  </suite> <!-- Default suite -->
</testng-results>
