<?xml version="1.0" encoding="UTF-8"?>
<!-- Generated by org.testng.reporters.JUnitXMLReporter -->
<testsuite ignored="0" hostname="DESKTOP-F280F2S" failures="0" tests="3" name="Default test" time="46.066" errors="0" timestamp="23 Dec 2022 15:17:59 GMT">
  <testcase classname="tests.Tests" name="validateSubscriptionPlanBahrain" time="17.396"/>
  <testcase classname="tests.Tests" name="validateSubscriptionPlanKSA" time="12.379"/>
  <testcase classname="tests.Tests" name="validateSubscriptionPlanKuwait" time="14.192"/>
</testsuite> <!-- Default test -->
